<?xml version="1.0" encoding="UTF-8"?>
<!-- Generated by org.testng.reporters.JUnitReportReporter -->
<testsuite hostname="LAPTOP-0V7D4U7A" failures="0" tests="3" name="sampleTest.project1" time="0.001" errors="0" timestamp="07 Jan 2020 17:26:55 GMT" skipped="0">
  <testcase classname="sampleTest.project1" name="testcase10" time="0.000"/>
  <testcase classname="sampleTest.project1" name="testcase6" time="0.000"/>
  <testcase classname="sampleTest.project1" name="testcase1" time="0.001"/>
</testsuite> <!-- sampleTest.project1 -->
